<?xml version="1.0" encoding="UTF-8"?>
<testng-results skipped="0" failed="0" ignored="0" total="1" passed="1">
  <reporter-output>
  </reporter-output>
  <suite name="Default suite" duration-ms="39374" started-at="2020-02-20T20:42:43Z" finished-at="2020-02-20T20:43:23Z">
    <groups>
    </groups>
    <test name="Default test" duration-ms="39374" started-at="2020-02-20T20:42:43Z" finished-at="2020-02-20T20:43:23Z">
      <class name="test.LoginTest">
        <test-method status="PASS" signature="launchBrowser()[pri:0, instance:test.LoginTest@5e5792a0]" name="launchBrowser" is-config="true" duration-ms="4087" started-at="2020-02-20T14:42:43Z" finished-at="2020-02-20T14:42:47Z">
          <reporter-output>
          </reporter-output>
        </test-method> <!-- launchBrowser -->
        <test-method status="PASS" signature="loginTest()[pri:0, instance:test.LoginTest@5e5792a0]" name="loginTest" duration-ms="34633" started-at="2020-02-20T14:42:47Z" finished-at="2020-02-20T14:43:22Z">
          <reporter-output>
          </reporter-output>
        </test-method> <!-- loginTest -->
        <test-method status="PASS" signature="close()[pri:0, instance:test.LoginTest@5e5792a0]" name="close" is-config="true" duration-ms="632" started-at="2020-02-20T14:43:22Z" finished-at="2020-02-20T14:43:23Z">
          <reporter-output>
          </reporter-output>
        </test-method> <!-- close -->
      </class> <!-- test.LoginTest -->
    </test> <!-- Default test -->
  </suite> <!-- Default suite -->
</testng-results>
